<?xml version="1.0" encoding="UTF-8"?>
<!-- Generated by org.testng.reporters.JUnitReportReporter -->
<testsuite skipped="0" hostname="8c8590323d3c.ant.amazon.com" name="qaclickacaemy.SeleniumTest" tests="2" failures="0" timestamp="26 Sep 2019 10:15:53 GMT" time="0.006" errors="0">
  <testcase name="BrowserAutomation" time="0.006" classname="qaclickacaemy.SeleniumTest"/>
  <testcase name="UIAutomation" time="0.000" classname="qaclickacaemy.SeleniumTest"/>
</testsuite> <!-- qaclickacaemy.SeleniumTest -->
