<?xml version="1.0" encoding="UTF-8"?>
<!-- Generated by org.testng.reporters.JUnitReportReporter -->
<testsuite skipped="0" hostname="8c8590323d3c.ant.amazon.com" name="qaclickacaemy.RESTAPITest" tests="2" failures="0" timestamp="26 Sep 2019 10:15:53 GMT" time="0.004" errors="0">
  <testcase name="RESTAPIUIAutomation" time="0.004" classname="qaclickacaemy.RESTAPITest"/>
  <testcase name="RESTAPIBrowserAutomation" time="0.000" classname="qaclickacaemy.RESTAPITest"/>
</testsuite> <!-- qaclickacaemy.RESTAPITest -->
